[0.047s] Invoking command in '/home/zy/ws/build/mbot_pkg': CMAKE_PREFIX_PATH=/home/zy/ws/install/mbot_interface:/home/zy/ws/install/mbot_pkg:/opt/ros/humble /usr/bin/cmake --build /home/zy/ws/build/mbot_pkg -- -j32 -l32
[0.070s] [35m[1mConsolidate compiler generated dependencies of target mbot_manager[0m
[0.079s] [ 50%] [32mBuilding CXX object CMakeFiles/mbot_manager.dir/src/mbot_manager.cpp.o[0m
[1.278s] [01m[K/home/zy/ws/src/mbot_pkg/src/mbot_manager.cpp:[m[K In constructor â€˜[01m[KMbotManager::MbotManager()[m[Kâ€™:
[1.278s] [01m[K/home/zy/ws/src/mbot_pkg/src/mbot_manager.cpp:13:50:[m[K [01;31m[Kerror: [m[Kno match for â€˜[01m[Koperator=[m[Kâ€™ (operand types are â€˜[01m[Krclcpp::WallTimer<std::function<void()> >::SharedPtr[m[Kâ€™ {aka â€˜[01m[Kstd::shared_ptr<rclcpp::WallTimer<std::function<void()> > >[m[Kâ€™} and â€˜[01m[Krclcpp::WallTimer<std::_Bind<void (MbotManager::*(MbotManager*))()>, 0>::SharedPtr[m[Kâ€™ {aka â€˜[01m[Kstd::shared_ptr<rclcpp::WallTimer<std::_Bind<void (MbotManager::*(MbotManager*))()>, 0> >[m[Kâ€™})
[1.278s]    13 |     std::bind(&MbotManager::timer_callback, this)[01;31m[K)[m[K;
[1.279s]       |                                                  [01;31m[K^[m[K
[1.279s] In file included from [01m[K/usr/include/c++/11/memory:77[m[K,
[1.279s]                  from [01m[K/home/zy/ws/src/mbot_pkg/src/mbot_manager.cpp:2[m[K:
[1.279s] [01m[K/usr/include/c++/11/bits/shared_ptr.h:363:9:[m[K [01;36m[Knote: [m[Kcandidate: â€˜[01m[Ktemplate<class _Yp> std::shared_ptr<_Tp>::_Assignable<const std::shared_ptr<_Yp>&> std::shared_ptr<_Tp>::operator=(const std::shared_ptr<_Yp>&) [with _Yp = _Yp; _Tp = rclcpp::WallTimer<std::function<void()> >][m[Kâ€™
[1.279s]   363 |         [01;36m[Koperator[m[K=(const shared_ptr<_Yp>& __r) noexcept
[1.279s]       |         [01;36m[K^~~~~~~~[m[K
[1.279s] [01m[K/usr/include/c++/11/bits/shared_ptr.h:363:9:[m[K [01;36m[Knote: [m[K  template argument deduction/substitution failed:
[1.279s] /usr/include/c++/11/bits/shared_ptr.h: In substitution of â€˜[01m[Ktemplate<class _Tp> template<class _Arg> using _Assignable = typename std::enable_if<std::is_assignable<std::__shared_ptr<_Tp>&, _Arg>::value, std::shared_ptr<_Tp>&>::type [with _Arg = const std::shared_ptr<rclcpp::WallTimer<std::_Bind<void (MbotManager::*(MbotManager*))()>, 0> >&; _Tp = rclcpp::WallTimer<std::function<void()> >][m[Kâ€™:
[1.279s] [01m[K/usr/include/c++/11/bits/shared_ptr.h:363:2:[m[K   required by substitution of â€˜[01m[Ktemplate<class _Yp> std::shared_ptr<rclcpp::WallTimer<std::function<void()> > >::_Assignable<const std::shared_ptr<_Tp>&> std::shared_ptr<rclcpp::WallTimer<std::function<void()> > >::operator=<_Yp>(const std::shared_ptr<_Tp>&) [with _Yp = rclcpp::WallTimer<std::_Bind<void (MbotManager::*(MbotManager*))()>, 0>][m[Kâ€™
[1.279s] [01m[K/home/zy/ws/src/mbot_pkg/src/mbot_manager.cpp:13:50:[m[K   required from here
[1.279s] [01m[K/usr/include/c++/11/bits/shared_ptr.h:130:15:[m[K [01;31m[Kerror: [m[Kno type named â€˜[01m[Ktype[m[Kâ€™ in â€˜[01m[Kstruct std::enable_if<false, std::shared_ptr<rclcpp::WallTimer<std::function<void()> > >&>[m[Kâ€™
[1.279s]   130 |         using [01;31m[K_Assignable[m[K = typename enable_if<
[1.279s]       |               [01;31m[K^~~~~~~~~~~[m[K
[1.279s] [01m[K/usr/include/c++/11/bits/shared_ptr.h:374:9:[m[K [01;36m[Knote: [m[Kcandidate: â€˜[01m[Ktemplate<class _Yp> std::shared_ptr<_Tp>::_Assignable<std::auto_ptr<_Up> > std::shared_ptr<_Tp>::operator=(std::auto_ptr<_Up>&&) [with _Yp = _Yp; _Tp = rclcpp::WallTimer<std::function<void()> >][m[Kâ€™
[1.279s]   374 |         [01;36m[Koperator[m[K=(auto_ptr<_Yp>&& __r)
[1.279s]       |         [01;36m[K^~~~~~~~[m[K
[1.279s] [01m[K/usr/include/c++/11/bits/shared_ptr.h:374:9:[m[K [01;36m[Knote: [m[K  template argument deduction/substitution failed:
[1.279s] [01m[K/home/zy/ws/src/mbot_pkg/src/mbot_manager.cpp:13:50:[m[K [01;36m[Knote: [m[K  â€˜[01m[Krclcpp::WallTimer<std::_Bind<void (MbotManager::*(MbotManager*))()>, 0>::SharedPtr[m[Kâ€™ {aka â€˜[01m[Kstd::shared_ptr<rclcpp::WallTimer<std::_Bind<void (MbotManager::*(MbotManager*))()>, 0> >[m[Kâ€™} is not derived from â€˜[01m[Kstd::auto_ptr<_Up>[m[Kâ€™
[1.279s]    13 |     std::bind(&MbotManager::timer_callback, this)[01;36m[K)[m[K;
[1.279s]       |                                                  [01;36m[K^[m[K
[1.279s] In file included from [01m[K/usr/include/c++/11/memory:77[m[K,
[1.279s]                  from [01m[K/home/zy/ws/src/mbot_pkg/src/mbot_manager.cpp:2[m[K:
[1.279s] [01m[K/usr/include/c++/11/bits/shared_ptr.h:391:9:[m[K [01;36m[Knote: [m[Kcandidate: â€˜[01m[Ktemplate<class _Yp> std::shared_ptr<_Tp>::_Assignable<std::shared_ptr<_Yp> > std::shared_ptr<_Tp>::operator=(std::shared_ptr<_Yp>&&) [with _Yp = _Yp; _Tp = rclcpp::WallTimer<std::function<void()> >][m[Kâ€™
[1.279s]   391 |         [01;36m[Koperator[m[K=(shared_ptr<_Yp>&& __r) noexcept
[1.279s]       |         [01;36m[K^~~~~~~~[m[K
[1.279s] [01m[K/usr/include/c++/11/bits/shared_ptr.h:391:9:[m[K [01;36m[Knote: [m[K  template argument deduction/substitution failed:
[1.279s] /usr/include/c++/11/bits/shared_ptr.h: In substitution of â€˜[01m[Ktemplate<class _Tp> template<class _Arg> using _Assignable = typename std::enable_if<std::is_assignable<std::__shared_ptr<_Tp>&, _Arg>::value, std::shared_ptr<_Tp>&>::type [with _Arg = std::shared_ptr<rclcpp::WallTimer<std::_Bind<void (MbotManager::*(MbotManager*))()>, 0> >; _Tp = rclcpp::WallTimer<std::function<void()> >][m[Kâ€™:
[1.279s] [01m[K/usr/include/c++/11/bits/shared_ptr.h:391:2:[m[K   required by substitution of â€˜[01m[Ktemplate<class _Yp> std::shared_ptr<rclcpp::WallTimer<std::function<void()> > >::_Assignable<std::shared_ptr<_Tp> > std::shared_ptr<rclcpp::WallTimer<std::function<void()> > >::operator=<_Yp>(std::shared_ptr<_Tp>&&) [with _Yp = rclcpp::WallTimer<std::_Bind<void (MbotManager::*(MbotManager*))()>, 0>][m[Kâ€™
[1.279s] [01m[K/home/zy/ws/src/mbot_pkg/src/mbot_manager.cpp:13:50:[m[K   required from here
[1.279s] [01m[K/usr/include/c++/11/bits/shared_ptr.h:130:15:[m[K [01;31m[Kerror: [m[Kno type named â€˜[01m[Ktype[m[Kâ€™ in â€˜[01m[Kstruct std::enable_if<false, std::shared_ptr<rclcpp::WallTimer<std::function<void()> > >&>[m[Kâ€™
[1.279s]   130 |         using [01;31m[K_Assignable[m[K = typename enable_if<
[1.279s]       |               [01;31m[K^~~~~~~~~~~[m[K
[1.279s] [01m[K/usr/include/c++/11/bits/shared_ptr.h:399:9:[m[K [01;36m[Knote: [m[Kcandidate: â€˜[01m[Ktemplate<class _Yp, class _Del> std::shared_ptr<_Tp>::_Assignable<std::unique_ptr<_Up, _Ep> > std::shared_ptr<_Tp>::operator=(std::unique_ptr<_Up, _Ep>&&) [with _Yp = _Yp; _Del = _Del; _Tp = rclcpp::WallTimer<std::function<void()> >][m[Kâ€™
[1.280s]   399 |         [01;36m[Koperator[m[K=(unique_ptr<_Yp, _Del>&& __r)
[1.280s]       |         [01;36m[K^~~~~~~~[m[K
[1.280s] [01m[K/usr/include/c++/11/bits/shared_ptr.h:399:9:[m[K [01;36m[Knote: [m[K  template argument deduction/substitution failed:
[1.280s] [01m[K/home/zy/ws/src/mbot_pkg/src/mbot_manager.cpp:13:50:[m[K [01;36m[Knote: [m[K  â€˜[01m[Krclcpp::WallTimer<std::_Bind<void (MbotManager::*(MbotManager*))()>, 0>::SharedPtr[m[Kâ€™ {aka â€˜[01m[Kstd::shared_ptr<rclcpp::WallTimer<std::_Bind<void (MbotManager::*(MbotManager*))()>, 0> >[m[Kâ€™} is not derived from â€˜[01m[Kstd::unique_ptr<_Tp, _Dp>[m[Kâ€™
[1.280s]    13 |     std::bind(&MbotManager::timer_callback, this)[01;36m[K)[m[K;
[1.280s]       |                                                  [01;36m[K^[m[K
[1.280s] In file included from [01m[K/usr/include/c++/11/memory:77[m[K,
[1.280s]                  from [01m[K/home/zy/ws/src/mbot_pkg/src/mbot_manager.cpp:2[m[K:
[1.280s] [01m[K/usr/include/c++/11/bits/shared_ptr.h:359:19:[m[K [01;36m[Knote: [m[Kcandidate: â€˜[01m[Kstd::shared_ptr<_Tp>& std::shared_ptr<_Tp>::operator=(const std::shared_ptr<_Tp>&) [with _Tp = rclcpp::WallTimer<std::function<void()> >][m[Kâ€™
[1.280s]   359 |       shared_ptr& [01;36m[Koperator[m[K=(const shared_ptr&) noexcept = default;
[1.280s]       |                   [01;36m[K^~~~~~~~[m[K
[1.280s] [01m[K/usr/include/c++/11/bits/shared_ptr.h:359:29:[m[K [01;36m[Knote: [m[K  no known conversion for argument 1 from â€˜[01m[Krclcpp::WallTimer<std::_Bind<void (MbotManager::*(MbotManager*))()>, 0>::SharedPtr[m[Kâ€™ {aka â€˜[01m[Kstd::shared_ptr<rclcpp::WallTimer<std::_Bind<void (MbotManager::*(MbotManager*))()>, 0> >[m[Kâ€™} to â€˜[01m[Kconst std::shared_ptr<rclcpp::WallTimer<std::function<void()> > >&[m[Kâ€™
[1.280s]   359 |       shared_ptr& operator=([01;36m[Kconst shared_ptr&[m[K) noexcept = default;
[1.280s]       |                             [01;36m[K^~~~~~~~~~~~~~~~~[m[K
[1.280s] [01m[K/usr/include/c++/11/bits/shared_ptr.h:383:7:[m[K [01;36m[Knote: [m[Kcandidate: â€˜[01m[Kstd::shared_ptr<_Tp>& std::shared_ptr<_Tp>::operator=(std::shared_ptr<_Tp>&&) [with _Tp = rclcpp::WallTimer<std::function<void()> >][m[Kâ€™
[1.280s]   383 |       [01;36m[Koperator[m[K=(shared_ptr&& __r) noexcept
[1.280s]       |       [01;36m[K^~~~~~~~[m[K
[1.280s] [01m[K/usr/include/c++/11/bits/shared_ptr.h:383:30:[m[K [01;36m[Knote: [m[K  no known conversion for argument 1 from â€˜[01m[Krclcpp::WallTimer<std::_Bind<void (MbotManager::*(MbotManager*))()>, 0>::SharedPtr[m[Kâ€™ {aka â€˜[01m[Kstd::shared_ptr<rclcpp::WallTimer<std::_Bind<void (MbotManager::*(MbotManager*))()>, 0> >[m[Kâ€™} to â€˜[01m[Kstd::shared_ptr<rclcpp::WallTimer<std::function<void()> > >&&[m[Kâ€™
[1.280s]   383 |       operator=([01;36m[Kshared_ptr&& __r[m[K) noexcept
[1.280s]       |                 [01;36m[K~~~~~~~~~~~~~^~~[m[K
[1.698s] gmake[2]: *** [CMakeFiles/mbot_manager.dir/build.make:76: CMakeFiles/mbot_manager.dir/src/mbot_manager.cpp.o] Error 1
[1.698s] gmake[1]: *** [CMakeFiles/Makefile2:137: CMakeFiles/mbot_manager.dir/all] Error 2
[1.698s] gmake: *** [Makefile:146: all] Error 2
[1.700s] Invoked command in '/home/zy/ws/build/mbot_pkg' returned '2': CMAKE_PREFIX_PATH=/home/zy/ws/install/mbot_interface:/home/zy/ws/install/mbot_pkg:/opt/ros/humble /usr/bin/cmake --build /home/zy/ws/build/mbot_pkg -- -j32 -l32
