[0.144s] Invoking command in '/home/zy/ws/build/mbot_pkg': CMAKE_PREFIX_PATH=/home/zy/ws/install/mbot_interface:/home/zy/ws/install/mbot_pkg:/opt/ros/humble /usr/bin/cmake --build /home/zy/ws/build/mbot_pkg -- -j32 -l32
[0.208s] [35m[1mConsolidate compiler generated dependencies of target mbot_manager[0m
[0.217s] [ 50%] [32mBuilding CXX object CMakeFiles/mbot_manager.dir/src/mbot_manager.cpp.o[0m
[1.566s] [01m[K/home/zy/ws/src/mbot_pkg/src/mbot_manager.cpp:8:31:[m[K [01;31m[Kerror: [m[Kexpected class-name before â€˜[01m[K{[m[Kâ€™ token
[1.566s]     8 | class MbotManager:rclcpp::node[01;31m[K{[m[K
[1.566s]       |                               [01;31m[K^[m[K
[1.569s] [01m[K/home/zy/ws/src/mbot_pkg/src/mbot_manager.cpp:27:2:[m[K [01;31m[Kerror: [m[Kexpected â€˜[01m[K;[m[Kâ€™ after class definition
[1.570s]    27 | }
[1.570s]       |  [01;31m[K^[m[K
[1.570s]       |  [32m[K;[m[K
[1.570s] [01m[K/home/zy/ws/src/mbot_pkg/src/mbot_manager.cpp:[m[K In constructor â€˜[01m[KMbotManager::MbotManager()[m[Kâ€™:
[1.570s] [01m[K/home/zy/ws/src/mbot_pkg/src/mbot_manager.cpp:10:18:[m[K [01;31m[Kerror: [m[Kclass â€˜[01m[KMbotManager[m[Kâ€™ does not have any field named â€˜[01m[KNode[m[Kâ€™
[1.570s]    10 |    MbotManager():[01;31m[KNode[m[K("mbot_manager"){
[1.570s]       |                  [01;31m[K^~~~[m[K
[1.576s] [01m[K/home/zy/ws/src/mbot_pkg/src/mbot_manager.cpp:11:5:[m[K [01;31m[Kerror: [m[Kâ€˜[01m[Kpublisher[m[Kâ€™ was not declared in this scope
[1.576s]    11 |     [01;31m[Kpublisher[m[K = this->create_publisher<mbot_interface::msg::Person>("mbot_topic", 10);
[1.576s]       |     [01;31m[K^~~~~~~~~[m[K
[1.576s] [01m[K/home/zy/ws/src/mbot_pkg/src/mbot_manager.cpp:11:23:[m[K [01;31m[Kerror: [m[Kâ€˜[01m[Kclass MbotManager[m[Kâ€™ has no member named â€˜[01m[Kcreate_publisher[m[Kâ€™
[1.576s]    11 |     publisher = this->[01;31m[Kcreate_publisher[m[K<mbot_interface::msg::Person>("mbot_topic", 10);
[1.576s]       |                       [01;31m[K^~~~~~~~~~~~~~~~[m[K
[1.576s] [01m[K/home/zy/ws/src/mbot_pkg/src/mbot_manager.cpp:11:67:[m[K [01;31m[Kerror: [m[Kexpected primary-expression before â€˜[01m[K>[m[Kâ€™ token
[1.576s]    11 |     publisher = this->create_publisher<mbot_interface::msg::Person[01;31m[K>[m[K("mbot_topic", 10);
[1.576s]       |                                                                   [01;31m[K^[m[K
[1.576s] [01m[K/home/zy/ws/src/mbot_pkg/src/mbot_manager.cpp:11:69:[m[K [01;35m[Kwarning: [m[Kleft operand of comma operator has no effect [[01;35m[K]8;;https://gcc.gnu.org/onlinedocs/gcc/Warning-Options.html#index-Wunused-value-Wunused-value]8;;[m[K]
[1.576s]    11 |     publisher = this->create_publisher<mbot_interface::msg::Person>([01;35m[K"mbot_topic"[m[K, 10);
[1.576s]       |                                                                     [01;35m[K^~~~~~~~~~~~[m[K
[1.576s] [01m[K/home/zy/ws/src/mbot_pkg/src/mbot_manager.cpp:12:19:[m[K [01;31m[Kerror: [m[Kâ€˜[01m[Kclass MbotManager[m[Kâ€™ has no member named â€˜[01m[Kcreate_wall_timer[m[Kâ€™
[1.576s]    12 |     timer = this->[01;31m[Kcreate_wall_timer[m[K(std::chrono::duration<double>(1.0 / frequency),
[1.576s]       |                   [01;31m[K^~~~~~~~~~~~~~~~~[m[K
[1.579s] [01m[K/home/zy/ws/src/mbot_pkg/src/mbot_manager.cpp:12:73:[m[K [01;31m[Kerror: [m[Kâ€˜[01m[Kfrequency[m[Kâ€™ was not declared in this scope
[1.579s]    12 |     timer = this->create_wall_timer(std::chrono::duration<double>(1.0 / [01;31m[Kfrequency[m[K),
[1.579s]       |                                                                         [01;31m[K^~~~~~~~~[m[K
[1.584s] [01m[K/home/zy/ws/src/mbot_pkg/src/mbot_manager.cpp:[m[K In member function â€˜[01m[Kvoid MbotManager::timer_callback()[m[Kâ€™:
[1.585s] [01m[K/home/zy/ws/src/mbot_pkg/src/mbot_manager.cpp:24:5:[m[K [01;31m[Kerror: [m[Kâ€˜[01m[Kpublisher_[m[Kâ€™ was not declared in this scope; did you mean â€˜[01m[Krmw_publisher_t[m[Kâ€™?
[1.585s]    24 |     [01;31m[Kpublisher_[m[K->publish(person);
[1.585s]       |     [01;31m[K^~~~~~~~~~[m[K
[1.585s]       |     [32m[Krmw_publisher_t[m[K
[1.587s] [01m[K/home/zy/ws/src/mbot_pkg/src/mbot_manager.cpp:[m[K In function â€˜[01m[Kint main(int, char**)[m[Kâ€™:
[1.587s] [01m[K/home/zy/ws/src/mbot_pkg/src/mbot_manager.cpp:32:15:[m[K [01;31m[Kerror: [m[Kno matching function for call to â€˜[01m[Kspin(std::shared_ptr<MbotManager>&)[m[Kâ€™
[1.587s]    32 |   [01;31m[Krclcpp::spin(node)[m[K;
[1.587s]       |   [01;31m[K~~~~~~~~~~~~^~~~~~[m[K
[1.587s] In file included from [01m[K/opt/ros/humble/include/rclcpp/rclcpp/rclcpp.hpp:155[m[K,
[1.587s]                  from [01m[K/home/zy/ws/src/mbot_pkg/src/mbot_manager.cpp:4[m[K:
[1.587s] [01m[K/opt/ros/humble/include/rclcpp/rclcpp/executors.hpp:45:1:[m[K [01;36m[Knote: [m[Kcandidate: â€˜[01m[Kvoid rclcpp::spin(rclcpp::node_interfaces::NodeBaseInterface::SharedPtr)[m[Kâ€™
[1.587s]    45 | [01;36m[Kspin[m[K(rclcpp::node_interfaces::NodeBaseInterface::SharedPtr node_ptr);
[1.587s]       | [01;36m[K^~~~[m[K
[1.587s] [01m[K/opt/ros/humble/include/rclcpp/rclcpp/executors.hpp:45:60:[m[K [01;36m[Knote: [m[K  no known conversion for argument 1 from â€˜[01m[Kshared_ptr<[01;32m[KMbotManager[m[K>[m[Kâ€™ to â€˜[01m[Kshared_ptr<[01;32m[Krclcpp::node_interfaces::NodeBaseInterface[m[K>[m[Kâ€™
[1.587s]    45 | spin([01;36m[Krclcpp::node_interfaces::NodeBaseInterface::SharedPtr node_ptr[m[K);
[1.587s]       |      [01;36m[K~~~~~~~~~~~~~~~~~~~~~~~~~~~~~~~~~~~~~~~~~~~~~~~~~~~~~~^~~~~~~~[m[K
[1.587s] [01m[K/opt/ros/humble/include/rclcpp/rclcpp/executors.hpp:49:1:[m[K [01;36m[Knote: [m[Kcandidate: â€˜[01m[Kvoid rclcpp::spin(rclcpp::Node::SharedPtr)[m[Kâ€™
[1.587s]    49 | [01;36m[Kspin[m[K(rclcpp::Node::SharedPtr node_ptr);
[1.587s]       | [01;36m[K^~~~[m[K
[1.587s] [01m[K/opt/ros/humble/include/rclcpp/rclcpp/executors.hpp:49:30:[m[K [01;36m[Knote: [m[K  no known conversion for argument 1 from â€˜[01m[Kshared_ptr<[01;32m[KMbotManager[m[K>[m[Kâ€™ to â€˜[01m[Kshared_ptr<[01;32m[Krclcpp::Node[m[K>[m[Kâ€™
[1.587s]    49 | spin([01;36m[Krclcpp::Node::SharedPtr node_ptr[m[K);
[1.587s]       |      [01;36m[K~~~~~~~~~~~~~~~~~~~~~~~~^~~~~~~~[m[K
[1.818s] gmake[2]: *** [CMakeFiles/mbot_manager.dir/build.make:76: CMakeFiles/mbot_manager.dir/src/mbot_manager.cpp.o] Error 1
[1.818s] gmake[1]: *** [CMakeFiles/Makefile2:137: CMakeFiles/mbot_manager.dir/all] Error 2
[1.819s] gmake: *** [Makefile:146: all] Error 2
[1.820s] Invoked command in '/home/zy/ws/build/mbot_pkg' returned '2': CMAKE_PREFIX_PATH=/home/zy/ws/install/mbot_interface:/home/zy/ws/install/mbot_pkg:/opt/ros/humble /usr/bin/cmake --build /home/zy/ws/build/mbot_pkg -- -j32 -l32
