[35m[1mConsolidate compiler generated dependencies of target mbot_manager[0m
[ 50%] [32mBuilding CXX object CMakeFiles/mbot_manager.dir/src/mbot_manager.cpp.o[0m
[01m[K/home/zy/ws/src/mbot_pkg/src/mbot_manager.cpp:[m[K In lambda function:
[01m[K/home/zy/ws/src/mbot_pkg/src/mbot_manager.cpp:12:168:[m[K [01;31m[Kerror: [m[Kno matching function for call to â€˜[01m[KMbotManager::event_callback()[m[Kâ€™
   12 | scription<mbot_interface::msg::Person>("mbot_topic", 10,[this](const mbot_interface::msg::Person::SharedPtr msg){[01;31m[Kthis->event_callback()[m[K;});
      |                                                                                                                  [01;31m[K~~~~~~~~~~~~~~~~~~~~^~[m[K

[01m[K/home/zy/ws/src/mbot_pkg/src/mbot_manager.cpp:28:8:[m[K [01;36m[Knote: [m[Kcandidate: â€˜[01m[Kvoid MbotManager::event_callback(mbot_interface::msg::Person_<std::allocator<void> >::SharedPtr)[m[Kâ€™
   28 |   void [01;36m[Kevent_callback[m[K(const mbot_interface::msg::Person::SharedPtr msg){
      |        [01;36m[K^~~~~~~~~~~~~~[m[K
[01m[K/home/zy/ws/src/mbot_pkg/src/mbot_manager.cpp:28:8:[m[K [01;36m[Knote: [m[K  candidate expects 1 argument, 0 provided
[01m[K/home/zy/ws/src/mbot_pkg/src/mbot_manager.cpp:12:143:[m[K [01;35m[Kwarning: [m[Kunused parameter â€˜[01m[Kmsg[m[Kâ€™ [[01;35m[K]8;;https://gcc.gnu.org/onlinedocs/gcc/Warning-Options.html#index-Wunused-parameter-Wunused-parameter]8;;[m[K]
   12 | _ = this->create_subscription<mbot_interface::msg::Person>("mbot_topic", 10,[this]([01;35m[Kconst mbot_interface::msg::Person::SharedPtr msg[m[K){this->event_callback();});
      |                                                                                    [01;35m[K~~~~~~~~~~~~~~~~~~~~~~~~~~~~~~~~~~~~~~~~~~~~~^~~[m[K

gmake[2]: *** [CMakeFiles/mbot_manager.dir/build.make:76: CMakeFiles/mbot_manager.dir/src/mbot_manager.cpp.o] Error 1
gmake[1]: *** [CMakeFiles/Makefile2:137: CMakeFiles/mbot_manager.dir/all] Error 2
gmake: *** [Makefile:146: all] Error 2
