[0.059s] Invoking command in '/home/zy/ws/build/mbot_pkg': CMAKE_PREFIX_PATH=/home/zy/ws/install/mbot_interface:/home/zy/ws/install/mbot_pkg:/opt/ros/humble /usr/bin/cmake --build /home/zy/ws/build/mbot_pkg -- -j32 -l32
[0.082s] [35m[1mConsolidate compiler generated dependencies of target mbot_manager[0m
[0.090s] [ 50%] [32mBuilding CXX object CMakeFiles/mbot_manager.dir/src/mbot_manager.cpp.o[0m
[1.293s] [01m[K/home/zy/ws/src/mbot_pkg/src/mbot_manager.cpp:27:2:[m[K [01;31m[Kerror: [m[Kexpected â€˜[01m[K;[m[Kâ€™ after class definition
[1.294s]    27 | }
[1.294s]       |  [01;31m[K^[m[K
[1.294s]       |  [32m[K;[m[K
[1.296s] [01m[K/home/zy/ws/src/mbot_pkg/src/mbot_manager.cpp:[m[K In constructor â€˜[01m[KMbotManager::MbotManager()[m[Kâ€™:
[1.296s] [01m[K/home/zy/ws/src/mbot_pkg/src/mbot_manager.cpp:11:5:[m[K [01;31m[Kerror: [m[Kâ€˜[01m[Kpublisher_[m[Kâ€™ was not declared in this scope; did you mean â€˜[01m[Krmw_publisher_t[m[Kâ€™?
[1.296s]    11 |     [01;31m[Kpublisher_[m[K = this->create_publisher<mbot_interface::msg::Person>("mbot_topic", 10);
[1.296s]       |     [01;31m[K^~~~~~~~~~[m[K
[1.296s]       |     [32m[Krmw_publisher_t[m[K
[1.302s] [01m[K/home/zy/ws/src/mbot_pkg/src/mbot_manager.cpp:12:74:[m[K [01;31m[Kerror: [m[Kâ€˜[01m[Kfrequency[m[Kâ€™ was not declared in this scope
[1.302s]    12 |     timer_ = this->create_wall_timer(std::chrono::duration<double>(1.0 / [01;31m[Kfrequency[m[K),
[1.302s]       |                                                                          [01;31m[K^~~~~~~~~[m[K
[1.307s] [01m[K/home/zy/ws/src/mbot_pkg/src/mbot_manager.cpp:[m[K In member function â€˜[01m[Kvoid MbotManager::timer_callback()[m[Kâ€™:
[1.307s] [01m[K/home/zy/ws/src/mbot_pkg/src/mbot_manager.cpp:24:5:[m[K [01;31m[Kerror: [m[Kâ€˜[01m[Kpublisher_[m[Kâ€™ was not declared in this scope; did you mean â€˜[01m[Krmw_publisher_t[m[Kâ€™?
[1.307s]    24 |     [01;31m[Kpublisher_[m[K->publish(person);
[1.307s]       |     [01;31m[K^~~~~~~~~~[m[K
[1.307s]       |     [32m[Krmw_publisher_t[m[K
[1.651s] gmake[2]: *** [CMakeFiles/mbot_manager.dir/build.make:76: CMakeFiles/mbot_manager.dir/src/mbot_manager.cpp.o] Error 1
[1.651s] gmake[1]: *** [CMakeFiles/Makefile2:137: CMakeFiles/mbot_manager.dir/all] Error 2
[1.651s] gmake: *** [Makefile:146: all] Error 2
[1.654s] Invoked command in '/home/zy/ws/build/mbot_pkg' returned '2': CMAKE_PREFIX_PATH=/home/zy/ws/install/mbot_interface:/home/zy/ws/install/mbot_pkg:/opt/ros/humble /usr/bin/cmake --build /home/zy/ws/build/mbot_pkg -- -j32 -l32
