[01m[K/home/zy/ws/src/mbot_pkg/src/mbot_manager.cpp:28:2:[m[K [01;31m[Kerror: [m[Kexpected â€˜[01m[K;[m[Kâ€™ after class definition
   28 | }
      |  [01;31m[K^[m[K
      |  [32m[K;[m[K
[01m[K/home/zy/ws/src/mbot_pkg/src/mbot_manager.cpp:[m[K In constructor â€˜[01m[KMbotManager::MbotManager()[m[Kâ€™:
[01m[K/home/zy/ws/src/mbot_pkg/src/mbot_manager.cpp:12:74:[m[K [01;31m[Kerror: [m[Kâ€˜[01m[Kfrequency[m[Kâ€™ was not declared in this scope
   12 |     timer_ = this->create_wall_timer(std::chrono::duration<double>(1.0 / [01;31m[Kfrequency[m[K),
      |                                                                          [01;31m[K^~~~~~~~~[m[K
gmake[2]: *** [CMakeFiles/mbot_manager.dir/build.make:76: CMakeFiles/mbot_manager.dir/src/mbot_manager.cpp.o] Error 1
gmake[1]: *** [CMakeFiles/Makefile2:137: CMakeFiles/mbot_manager.dir/all] Error 2
gmake: *** [Makefile:146: all] Error 2
