[0.065s] Invoking command in '/home/zy/ws/build/mbot_pkg': AMENT_PREFIX_PATH=/home/zy/ws/install/mbot_interface:${AMENT_PREFIX_PATH} CMAKE_PREFIX_PATH=/home/zy/ws/install/mbot_interface:/opt/ros/humble LD_LIBRARY_PATH=/home/zy/ws/install/mbot_interface/lib:${LD_LIBRARY_PATH} PYTHONPATH=/home/zy/ws/install/mbot_interface/local/lib/python3.10/dist-packages:${PYTHONPATH} /usr/bin/cmake --build /home/zy/ws/build/mbot_pkg -- -j32 -l32
[0.088s] [35m[1mConsolidate compiler generated dependencies of target mbot_manager[0m
[0.096s] [ 50%] [32mBuilding CXX object CMakeFiles/mbot_manager.dir/src/mbot_manager.cpp.o[0m
[1.467s] [01m[K/home/zy/ws/src/mbot_pkg/src/mbot_manager.cpp:[m[K In constructor â€˜[01m[KMbotManager::MbotManager()[m[Kâ€™:
[1.467s] [01m[K/home/zy/ws/src/mbot_pkg/src/mbot_manager.cpp:12:68:[m[K [01;31m[Kerror: [m[Kinvalid use of non-static member function â€˜[01m[Kvoid MbotManager::timer_callback()[m[Kâ€™
[1.467s]    12 |     timer_ = this->create_wall_timer(std::chrono::seconds(1),[01;31m[Kthis->timer_callback[m[K);
[1.467s]       |                                                              [01;31m[K~~~~~~^~~~~~~~~~~~~~[m[K
[1.467s] [01m[K/home/zy/ws/src/mbot_pkg/src/mbot_manager.cpp:22:9:[m[K [01;36m[Knote: [m[Kdeclared here
[1.468s]    22 |    void [01;36m[Ktimer_callback[m[K(){
[1.468s]       |         [01;36m[K^~~~~~~~~~~~~~[m[K
[1.910s] gmake[2]: *** [CMakeFiles/mbot_manager.dir/build.make:76: CMakeFiles/mbot_manager.dir/src/mbot_manager.cpp.o] Error 1
[1.911s] gmake[1]: *** [CMakeFiles/Makefile2:137: CMakeFiles/mbot_manager.dir/all] Error 2
[1.911s] gmake: *** [Makefile:146: all] Error 2
[1.913s] Invoked command in '/home/zy/ws/build/mbot_pkg' returned '2': AMENT_PREFIX_PATH=/home/zy/ws/install/mbot_interface:${AMENT_PREFIX_PATH} CMAKE_PREFIX_PATH=/home/zy/ws/install/mbot_interface:/opt/ros/humble LD_LIBRARY_PATH=/home/zy/ws/install/mbot_interface/lib:${LD_LIBRARY_PATH} PYTHONPATH=/home/zy/ws/install/mbot_interface/local/lib/python3.10/dist-packages:${PYTHONPATH} /usr/bin/cmake --build /home/zy/ws/build/mbot_pkg -- -j32 -l32
