[0.070s] Invoking command in '/home/zy/ws/build/mbot_pkg': AMENT_PREFIX_PATH=/home/zy/ws/install/mbot_interface:${AMENT_PREFIX_PATH} CMAKE_PREFIX_PATH=/home/zy/ws/install/mbot_interface:/opt/ros/humble LD_LIBRARY_PATH=/home/zy/ws/install/mbot_interface/lib:${LD_LIBRARY_PATH} PYTHONPATH=/home/zy/ws/install/mbot_interface/local/lib/python3.10/dist-packages:${PYTHONPATH} /usr/bin/cmake --build /home/zy/ws/build/mbot_pkg -- -j32 -l32
[0.093s] [35m[1mConsolidate compiler generated dependencies of target mbot_manager[0m
[0.103s] [ 50%] [32mBuilding CXX object CMakeFiles/mbot_manager.dir/src/mbot_manager.cpp.o[0m
[1.405s] [01m[K/home/zy/ws/src/mbot_pkg/src/mbot_manager.cpp:[m[K In constructor â€˜[01m[KMbotManager::MbotManager()[m[Kâ€™:
[1.405s] [01m[K/home/zy/ws/src/mbot_pkg/src/mbot_manager.cpp:12:70:[m[K [01;31m[Kerror: [m[Kexpected â€˜[01m[K)[m[Kâ€™ before â€˜[01m[K;[m[Kâ€™ token
[1.405s]    12 |     timer_ = this->create_wall_timer(std::chrono::duration<double>(1)[01;31m[K;[m[K
[1.405s]       |                                                                      [01;31m[K^[m[K
[1.405s] [01m[K/home/zy/ws/src/mbot_pkg/src/mbot_manager.cpp:12:37:[m[K [01;36m[Knote: [m[Kto match this â€˜[01m[K([m[Kâ€™
[1.405s]    12 |     timer_ = this->create_wall_timer[01;36m[K([m[Kstd::chrono::duration<double>(1);
[1.405s]       |                                     [01;36m[K^[m[K
[1.407s] [01m[K/home/zy/ws/src/mbot_pkg/src/mbot_manager.cpp:13:50:[m[K [01;31m[Kerror: [m[Kexpected â€˜[01m[K;[m[Kâ€™ before â€˜[01m[K)[m[Kâ€™ token
[1.408s]    13 |     std::bind(&MbotManager::timer_callback, this)[01;31m[K)[m[K;
[1.408s]       |                                                  [01;31m[K^[m[K
[1.884s] gmake[2]: *** [CMakeFiles/mbot_manager.dir/build.make:76: CMakeFiles/mbot_manager.dir/src/mbot_manager.cpp.o] Error 1
[1.884s] gmake[1]: *** [CMakeFiles/Makefile2:137: CMakeFiles/mbot_manager.dir/all] Error 2
[1.884s] gmake: *** [Makefile:146: all] Error 2
[1.886s] Invoked command in '/home/zy/ws/build/mbot_pkg' returned '2': AMENT_PREFIX_PATH=/home/zy/ws/install/mbot_interface:${AMENT_PREFIX_PATH} CMAKE_PREFIX_PATH=/home/zy/ws/install/mbot_interface:/opt/ros/humble LD_LIBRARY_PATH=/home/zy/ws/install/mbot_interface/lib:${LD_LIBRARY_PATH} PYTHONPATH=/home/zy/ws/install/mbot_interface/local/lib/python3.10/dist-packages:${PYTHONPATH} /usr/bin/cmake --build /home/zy/ws/build/mbot_pkg -- -j32 -l32
