[0.102s] Invoking command in '/home/zy/ws/build/mbot_pkg': CMAKE_PREFIX_PATH=/home/zy/ws/install/mbot_interface:/home/zy/ws/install/mbot_pkg:/opt/ros/humble /usr/bin/cmake --build /home/zy/ws/build/mbot_pkg -- -j32 -l32
[0.127s] [35m[1mConsolidate compiler generated dependencies of target mbot_manager[0m
[0.137s] [ 50%] [32mBuilding CXX object CMakeFiles/mbot_manager.dir/src/mbot_manager.cpp.o[0m
[1.471s] [01m[K/home/zy/ws/src/mbot_pkg/src/mbot_manager.cpp:27:2:[m[K [01;31m[Kerror: [m[Kexpected â€˜[01m[K;[m[Kâ€™ after class definition
[1.472s]    27 | }
[1.472s]       |  [01;31m[K^[m[K
[1.472s]       |  [32m[K;[m[K
[1.475s] [01m[K/home/zy/ws/src/mbot_pkg/src/mbot_manager.cpp:[m[K In constructor â€˜[01m[KMbotManager::MbotManager()[m[Kâ€™:
[1.475s] [01m[K/home/zy/ws/src/mbot_pkg/src/mbot_manager.cpp:11:5:[m[K [01;31m[Kerror: [m[Kâ€˜[01m[Kpublisher[m[Kâ€™ was not declared in this scope
[1.475s]    11 |     [01;31m[Kpublisher[m[K = this->create_publisher<mbot_interface::msg::Person>("mbot_topic", 10);
[1.475s]       |     [01;31m[K^~~~~~~~~[m[K
[1.481s] [01m[K/home/zy/ws/src/mbot_pkg/src/mbot_manager.cpp:12:73:[m[K [01;31m[Kerror: [m[Kâ€˜[01m[Kfrequency[m[Kâ€™ was not declared in this scope
[1.481s]    12 |     timer = this->create_wall_timer(std::chrono::duration<double>(1.0 / [01;31m[Kfrequency[m[K),
[1.481s]       |                                                                         [01;31m[K^~~~~~~~~[m[K
[1.487s] [01m[K/home/zy/ws/src/mbot_pkg/src/mbot_manager.cpp:[m[K In member function â€˜[01m[Kvoid MbotManager::timer_callback()[m[Kâ€™:
[1.487s] [01m[K/home/zy/ws/src/mbot_pkg/src/mbot_manager.cpp:24:5:[m[K [01;31m[Kerror: [m[Kâ€˜[01m[Kpublisher_[m[Kâ€™ was not declared in this scope; did you mean â€˜[01m[Krmw_publisher_t[m[Kâ€™?
[1.487s]    24 |     [01;31m[Kpublisher_[m[K->publish(person);
[1.487s]       |     [01;31m[K^~~~~~~~~~[m[K
[1.487s]       |     [32m[Krmw_publisher_t[m[K
[1.874s] gmake[2]: *** [CMakeFiles/mbot_manager.dir/build.make:76: CMakeFiles/mbot_manager.dir/src/mbot_manager.cpp.o] Error 1
[1.874s] gmake[1]: *** [CMakeFiles/Makefile2:137: CMakeFiles/mbot_manager.dir/all] Error 2
[1.874s] gmake: *** [Makefile:146: all] Error 2
[1.877s] Invoked command in '/home/zy/ws/build/mbot_pkg' returned '2': CMAKE_PREFIX_PATH=/home/zy/ws/install/mbot_interface:/home/zy/ws/install/mbot_pkg:/opt/ros/humble /usr/bin/cmake --build /home/zy/ws/build/mbot_pkg -- -j32 -l32
